{"C:\\Users\\praks\\myapp\\src\\app.js": {"path":"C:\\Users\\praks\\myapp\\src\\app.js","statementMap":{"0":{"start":{"line":1,"column":16},"end":{"line":1,"column":34}},"1":{"start":{"line":2,"column":15},"end":{"line":2,"column":32}},"2":{"start":{"line":3,"column":15},"end":{"line":3,"column":37}},"3":{"start":{"line":5,"column":19},"end":{"line":5,"column":43}},"4":{"start":{"line":6,"column":19},"end":{"line":6,"column":44}},"5":{"start":{"line":8,"column":12},"end":{"line":8,"column":21}},"6":{"start":{"line":9,"column":0},"end":{"line":9,"column":24}},"7":{"start":{"line":10,"column":0},"end":{"line":10,"column":23}},"8":{"start":{"line":13,"column":17},"end":{"line":13,"column":38}},"9":{"start":{"line":14,"column":0},"end":{"line":14,"column":43}},"10":{"start":{"line":15,"column":0},"end":{"line":18,"column":3}},"11":{"start":{"line":16,"column":4},"end":{"line":16,"column":50}},"12":{"start":{"line":17,"column":4},"end":{"line":17,"column":38}},"13":{"start":{"line":21,"column":0},"end":{"line":21,"column":70}},"14":{"start":{"line":21,"column":34},"end":{"line":21,"column":68}},"15":{"start":{"line":24,"column":0},"end":{"line":24,"column":33}},"16":{"start":{"line":25,"column":0},"end":{"line":25,"column":34}},"17":{"start":{"line":27,"column":0},"end":{"line":27,"column":21}}},"fnMap":{"0":{"name":"(anonymous_0)","decl":{"start":{"line":15,"column":20},"end":{"line":15,"column":21}},"loc":{"start":{"line":15,"column":41},"end":{"line":18,"column":1}},"line":15},"1":{"name":"(anonymous_1)","decl":{"start":{"line":21,"column":19},"end":{"line":21,"column":20}},"loc":{"start":{"line":21,"column":34},"end":{"line":21,"column":68}},"line":21}},"branchMap":{},"s":{"0":2,"1":2,"2":2,"3":2,"4":2,"5":2,"6":2,"7":2,"8":2,"9":2,"10":2,"11":0,"12":0,"13":2,"14":0,"15":2,"16":2,"17":2},"f":{"0":0,"1":0},"b":{},"_coverageSchema":"1a1c01bbd47fc00a2c39e90264f33305004495a9","hash":"179a022403f727f9bd82e5e0ae49013cfe441efe"}
,"C:\\Users\\praks\\myapp\\src\\controllers\\authcontroller.js": {"path":"C:\\Users\\praks\\myapp\\src\\controllers\\authcontroller.js","statementMap":{"0":{"start":{"line":1,"column":15},"end":{"line":1,"column":34}},"1":{"start":{"line":2,"column":12},"end":{"line":2,"column":35}},"2":{"start":{"line":3,"column":14},"end":{"line":3,"column":46}},"3":{"start":{"line":4,"column":15},"end":{"line":4,"column":52}},"4":{"start":{"line":6,"column":0},"end":{"line":16,"column":2}},"5":{"start":{"line":7,"column":35},"end":{"line":7,"column":49}},"6":{"start":{"line":8,"column":17},"end":{"line":8,"column":63}},"7":{"start":{"line":8,"column":39},"end":{"line":8,"column":62}},"8":{"start":{"line":9,"column":4},"end":{"line":9,"column":77}},"9":{"start":{"line":9,"column":15},"end":{"line":9,"column":77}},"10":{"start":{"line":11,"column":15},"end":{"line":11,"column":62}},"11":{"start":{"line":12,"column":4},"end":{"line":12,"column":75}},"12":{"start":{"line":12,"column":13},"end":{"line":12,"column":75}},"13":{"start":{"line":14,"column":18},"end":{"line":14,"column":83}},"14":{"start":{"line":15,"column":4},"end":{"line":15,"column":24}}},"fnMap":{"0":{"name":"(anonymous_0)","decl":{"start":{"line":6,"column":16},"end":{"line":6,"column":17}},"loc":{"start":{"line":6,"column":30},"end":{"line":16,"column":1}},"line":6},"1":{"name":"(anonymous_1)","decl":{"start":{"line":8,"column":34},"end":{"line":8,"column":35}},"loc":{"start":{"line":8,"column":39},"end":{"line":8,"column":62}},"line":8}},"branchMap":{"0":{"loc":{"start":{"line":4,"column":15},"end":{"line":4,"column":52}},"type":"binary-expr","locations":[{"start":{"line":4,"column":15},"end":{"line":4,"column":37}},{"start":{"line":4,"column":41},"end":{"line":4,"column":52}}],"line":4},"1":{"loc":{"start":{"line":7,"column":35},"end":{"line":7,"column":49}},"type":"binary-expr","locations":[{"start":{"line":7,"column":35},"end":{"line":7,"column":43}},{"start":{"line":7,"column":47},"end":{"line":7,"column":49}}],"line":7},"2":{"loc":{"start":{"line":9,"column":4},"end":{"line":9,"column":77}},"type":"if","locations":[{"start":{"line":9,"column":4},"end":{"line":9,"column":77}},{"start":{},"end":{}}],"line":9},"3":{"loc":{"start":{"line":12,"column":4},"end":{"line":12,"column":75}},"type":"if","locations":[{"start":{"line":12,"column":4},"end":{"line":12,"column":75}},{"start":{},"end":{}}],"line":12}},"s":{"0":2,"1":2,"2":2,"3":2,"4":2,"5":2,"6":2,"7":2,"8":2,"9":1,"10":1,"11":1,"12":0,"13":1,"14":1},"f":{"0":2,"1":2},"b":{"0":[2,2],"1":[2,0],"2":[1,1],"3":[0,1]},"_coverageSchema":"1a1c01bbd47fc00a2c39e90264f33305004495a9","hash":"3241c05c704bef1e3743d2d728da629e932703cf"}
,"C:\\Users\\praks\\myapp\\src\\controllers\\postscontroller.js": {"path":"C:\\Users\\praks\\myapp\\src\\controllers\\postscontroller.js","statementMap":{"0":{"start":{"line":1,"column":14},"end":{"line":1,"column":46}},"1":{"start":{"line":3,"column":0},"end":{"line":5,"column":2}},"2":{"start":{"line":4,"column":4},"end":{"line":4,"column":26}},"3":{"start":{"line":7,"column":0},"end":{"line":17,"column":2}},"4":{"start":{"line":8,"column":19},"end":{"line":8,"column":65}},"5":{"start":{"line":8,"column":52},"end":{"line":8,"column":56}},"6":{"start":{"line":9,"column":17},"end":{"line":14,"column":5}},"7":{"start":{"line":15,"column":4},"end":{"line":15,"column":27}},"8":{"start":{"line":16,"column":4},"end":{"line":16,"column":31}}},"fnMap":{"0":{"name":"(anonymous_0)","decl":{"start":{"line":3,"column":15},"end":{"line":3,"column":16}},"loc":{"start":{"line":3,"column":30},"end":{"line":5,"column":1}},"line":3},"1":{"name":"(anonymous_1)","decl":{"start":{"line":7,"column":17},"end":{"line":7,"column":18}},"loc":{"start":{"line":7,"column":31},"end":{"line":17,"column":1}},"line":7},"2":{"name":"(anonymous_2)","decl":{"start":{"line":8,"column":47},"end":{"line":8,"column":48}},"loc":{"start":{"line":8,"column":52},"end":{"line":8,"column":56}},"line":8}},"branchMap":{},"s":{"0":2,"1":2,"2":1,"3":2,"4":1,"5":1,"6":1,"7":1,"8":1},"f":{"0":1,"1":1,"2":1},"b":{},"_coverageSchema":"1a1c01bbd47fc00a2c39e90264f33305004495a9","hash":"10fad44f0cc24cee5efc380292372329f309999b"}
,"C:\\Users\\praks\\myapp\\src\\middleware\\authGuard.js": {"path":"C:\\Users\\praks\\myapp\\src\\middleware\\authGuard.js","statementMap":{"0":{"start":{"line":1,"column":12},"end":{"line":1,"column":35}},"1":{"start":{"line":2,"column":15},"end":{"line":2,"column":52}},"2":{"start":{"line":4,"column":0},"end":{"line":14,"column":2}},"3":{"start":{"line":5,"column":17},"end":{"line":5,"column":48}},"4":{"start":{"line":6,"column":18},"end":{"line":6,"column":67}},"5":{"start":{"line":7,"column":4},"end":{"line":7,"column":72}},"6":{"start":{"line":7,"column":16},"end":{"line":7,"column":72}},"7":{"start":{"line":8,"column":4},"end":{"line":13,"column":5}},"8":{"start":{"line":9,"column":8},"end":{"line":9,"column":45}},"9":{"start":{"line":10,"column":8},"end":{"line":10,"column":15}},"10":{"start":{"line":12,"column":8},"end":{"line":12,"column":57}}},"fnMap":{"0":{"name":"(anonymous_0)","decl":{"start":{"line":4,"column":17},"end":{"line":4,"column":18}},"loc":{"start":{"line":4,"column":37},"end":{"line":14,"column":1}},"line":4}},"branchMap":{"0":{"loc":{"start":{"line":2,"column":15},"end":{"line":2,"column":52}},"type":"binary-expr","locations":[{"start":{"line":2,"column":15},"end":{"line":2,"column":37}},{"start":{"line":2,"column":41},"end":{"line":2,"column":52}}],"line":2},"1":{"loc":{"start":{"line":5,"column":17},"end":{"line":5,"column":48}},"type":"binary-expr","locations":[{"start":{"line":5,"column":17},"end":{"line":5,"column":42}},{"start":{"line":5,"column":46},"end":{"line":5,"column":48}}],"line":5},"2":{"loc":{"start":{"line":6,"column":18},"end":{"line":6,"column":67}},"type":"cond-expr","locations":[{"start":{"line":6,"column":47},"end":{"line":6,"column":60}},{"start":{"line":6,"column":63},"end":{"line":6,"column":67}}],"line":6},"3":{"loc":{"start":{"line":7,"column":4},"end":{"line":7,"column":72}},"type":"if","locations":[{"start":{"line":7,"column":4},"end":{"line":7,"column":72}},{"start":{},"end":{}}],"line":7}},"s":{"0":2,"1":2,"2":2,"3":1,"4":1,"5":1,"6":0,"7":1,"8":1,"9":1,"10":0},"f":{"0":1},"b":{"0":[2,2],"1":[1,0],"2":[1,0],"3":[0,1]},"_coverageSchema":"1a1c01bbd47fc00a2c39e90264f33305004495a9","hash":"9059249f94c954cc500696eaf9b36536dc9a698e"}
,"C:\\Users\\praks\\myapp\\src\\models\\memoryStore.js": {"path":"C:\\Users\\praks\\myapp\\src\\models\\memoryStore.js","statementMap":{"0":{"start":{"line":1,"column":15},"end":{"line":1,"column":34}},"1":{"start":{"line":4,"column":21},"end":{"line":4,"column":52}},"2":{"start":{"line":6,"column":0},"end":{"line":9,"column":2}}},"fnMap":{},"branchMap":{},"s":{"0":2,"1":2,"2":2},"f":{},"b":{},"_coverageSchema":"1a1c01bbd47fc00a2c39e90264f33305004495a9","hash":"da78f4432695a2e8a37cc8b27a5ba6700e672365"}
,"C:\\Users\\praks\\myapp\\src\\routes\\auth.js": {"path":"C:\\Users\\praks\\myapp\\src\\routes\\auth.js","statementMap":{"0":{"start":{"line":1,"column":15},"end":{"line":1,"column":42}},"1":{"start":{"line":2,"column":18},"end":{"line":2,"column":58}},"2":{"start":{"line":4,"column":0},"end":{"line":4,"column":29}},"3":{"start":{"line":6,"column":0},"end":{"line":6,"column":24}}},"fnMap":{},"branchMap":{},"s":{"0":2,"1":2,"2":2,"3":2},"f":{},"b":{},"_coverageSchema":"1a1c01bbd47fc00a2c39e90264f33305004495a9","hash":"f37fe500d9800d89c867182a9e8279611a3fdca2"}
,"C:\\Users\\praks\\myapp\\src\\routes\\posts.js": {"path":"C:\\Users\\praks\\myapp\\src\\routes\\posts.js","statementMap":{"0":{"start":{"line":1,"column":15},"end":{"line":1,"column":42}},"1":{"start":{"line":2,"column":14},"end":{"line":2,"column":48}},"2":{"start":{"line":3,"column":25},"end":{"line":3,"column":66}},"3":{"start":{"line":5,"column":0},"end":{"line":5,"column":22}},"4":{"start":{"line":6,"column":0},"end":{"line":6,"column":32}},"5":{"start":{"line":8,"column":0},"end":{"line":8,"column":24}}},"fnMap":{},"branchMap":{},"s":{"0":2,"1":2,"2":2,"3":2,"4":2,"5":2},"f":{},"b":{},"_coverageSchema":"1a1c01bbd47fc00a2c39e90264f33305004495a9","hash":"508cab46aa6fec34d81037219bb9ac8902602890"}
}
